<?xml version="1.0" encoding="UTF-8"?>
<testng-results skipped="0" failed="0" ignored="0" total="1" passed="1">
  <reporter-output>
  </reporter-output>
  <suite name="Default suite" duration-ms="25035" started-at="2018-10-28T07:47:22Z" finished-at="2018-10-28T07:47:47Z">
    <groups>
    </groups>
    <test name="Default test" duration-ms="25035" started-at="2018-10-28T07:47:22Z" finished-at="2018-10-28T07:47:47Z">
      <class name="selenumexeption.SearchGoogle">
        <test-method status="PASS" signature="testSearch()[pri:0, instance:selenumexeption.SearchGoogle@5f341870]" name="testSearch" duration-ms="25012" started-at="2018-10-28T07:47:22Z" finished-at="2018-10-28T07:47:47Z">
          <reporter-output>
          </reporter-output>
        </test-method> <!-- testSearch -->
      </class> <!-- selenumexeption.SearchGoogle -->
    </test> <!-- Default test -->
  </suite> <!-- Default suite -->
</testng-results>
